2025-11-03 14:21:55,660 [Worker-1: Loading available Gradle versions] INFO  o.e.b.c.i.u.g.PublishedGradleVersions - Gradle version information cache is not available. Remote download required.
2025-11-03 14:25:06,282 [Worker-0: Launching mavenrun-7d58bfd7-4d4f-4d19-a04e-190fd8e868ba] INFO  o.eclipse.m2e.core.internal.Bundles - getClasspathEntries(Bundle=org.eclipse.m2e.maven.runtime_3.9.900.20240824-1409 [300])
2025-11-03 14:25:06,286 [Worker-0: Launching mavenrun-7d58bfd7-4d4f-4d19-a04e-190fd8e868ba] INFO  o.eclipse.m2e.core.internal.Bundles - 	Entry: C:\Users\cosas\.p2\pool\plugins\org.eclipse.m2e.maven.runtime_3.9.900.20240824-1409
2025-11-03 14:25:06,286 [Worker-0: Launching mavenrun-7d58bfd7-4d4f-4d19-a04e-190fd8e868ba] INFO  o.eclipse.m2e.core.internal.Bundles - 	Entry: C:\Users\cosas\.p2\pool\plugins\org.eclipse.m2e.maven.runtime_3.9.900.20240824-1409\jars\aopalliance-1.0.jar
2025-11-03 14:25:06,286 [Worker-0: Launching mavenrun-7d58bfd7-4d4f-4d19-a04e-190fd8e868ba] INFO  o.eclipse.m2e.core.internal.Bundles - 	Entry: C:\Users\cosas\.p2\pool\plugins\org.eclipse.m2e.maven.runtime_3.9.900.20240824-1409\jars\guice-5.1.0.jar
2025-11-03 14:25:06,287 [Worker-0: Launching mavenrun-7d58bfd7-4d4f-4d19-a04e-190fd8e868ba] INFO  o.eclipse.m2e.core.internal.Bundles - 	Entry: C:\Users\cosas\.p2\pool\plugins\org.eclipse.m2e.maven.runtime_3.9.900.20240824-1409\jars\httpclient-4.5.14.jar
2025-11-03 14:25:06,287 [Worker-0: Launching mavenrun-7d58bfd7-4d4f-4d19-a04e-190fd8e868ba] INFO  o.eclipse.m2e.core.internal.Bundles - 	Entry: C:\Users\cosas\.p2\pool\plugins\org.eclipse.m2e.maven.runtime_3.9.900.20240824-1409\jars\httpcore-4.4.16.jar
2025-11-03 14:25:06,288 [Worker-0: Launching mavenrun-7d58bfd7-4d4f-4d19-a04e-190fd8e868ba] INFO  o.eclipse.m2e.core.internal.Bundles - 	Entry: C:\Users\cosas\.p2\pool\plugins\org.eclipse.m2e.maven.runtime_3.9.900.20240824-1409\jars\jansi-2.4.1.jar
2025-11-03 14:25:06,288 [Worker-0: Launching mavenrun-7d58bfd7-4d4f-4d19-a04e-190fd8e868ba] INFO  o.eclipse.m2e.core.internal.Bundles - 	Entry: C:\Users\cosas\.p2\pool\plugins\org.eclipse.m2e.maven.runtime_3.9.900.20240824-1409\jars\jcl-over-slf4j-1.7.36.jar
2025-11-03 14:25:06,288 [Worker-0: Launching mavenrun-7d58bfd7-4d4f-4d19-a04e-190fd8e868ba] INFO  o.eclipse.m2e.core.internal.Bundles - 	Entry: C:\Users\cosas\.p2\pool\plugins\org.eclipse.m2e.maven.runtime_3.9.900.20240824-1409\jars\maven-artifact-3.9.9.jar
2025-11-03 14:25:06,288 [Worker-0: Launching mavenrun-7d58bfd7-4d4f-4d19-a04e-190fd8e868ba] INFO  o.eclipse.m2e.core.internal.Bundles - 	Entry: C:\Users\cosas\.p2\pool\plugins\org.eclipse.m2e.maven.runtime_3.9.900.20240824-1409\jars\maven-builder-support-3.9.9.jar
2025-11-03 14:25:06,288 [Worker-0: Launching mavenrun-7d58bfd7-4d4f-4d19-a04e-190fd8e868ba] INFO  o.eclipse.m2e.core.internal.Bundles - 	Entry: C:\Users\cosas\.p2\pool\plugins\org.eclipse.m2e.maven.runtime_3.9.900.20240824-1409\jars\maven-compat-3.9.9.jar
2025-11-03 14:25:06,289 [Worker-0: Launching mavenrun-7d58bfd7-4d4f-4d19-a04e-190fd8e868ba] INFO  o.eclipse.m2e.core.internal.Bundles - 	Entry: C:\Users\cosas\.p2\pool\plugins\org.eclipse.m2e.maven.runtime_3.9.900.20240824-1409\jars\maven-core-3.9.9.jar
2025-11-03 14:25:06,289 [Worker-0: Launching mavenrun-7d58bfd7-4d4f-4d19-a04e-190fd8e868ba] INFO  o.eclipse.m2e.core.internal.Bundles - 	Entry: C:\Users\cosas\.p2\pool\plugins\org.eclipse.m2e.maven.runtime_3.9.900.20240824-1409\jars\maven-embedder-3.9.9.jar
2025-11-03 14:25:06,289 [Worker-0: Launching mavenrun-7d58bfd7-4d4f-4d19-a04e-190fd8e868ba] INFO  o.eclipse.m2e.core.internal.Bundles - 	Entry: C:\Users\cosas\.p2\pool\plugins\org.eclipse.m2e.maven.runtime_3.9.900.20240824-1409\jars\maven-model-3.9.9.jar
2025-11-03 14:25:06,289 [Worker-0: Launching mavenrun-7d58bfd7-4d4f-4d19-a04e-190fd8e868ba] INFO  o.eclipse.m2e.core.internal.Bundles - 	Entry: C:\Users\cosas\.p2\pool\plugins\org.eclipse.m2e.maven.runtime_3.9.900.20240824-1409\jars\maven-model-builder-3.9.9.jar
2025-11-03 14:25:06,289 [Worker-0: Launching mavenrun-7d58bfd7-4d4f-4d19-a04e-190fd8e868ba] INFO  o.eclipse.m2e.core.internal.Bundles - 	Entry: C:\Users\cosas\.p2\pool\plugins\org.eclipse.m2e.maven.runtime_3.9.900.20240824-1409\jars\maven-plugin-api-3.9.9.jar
2025-11-03 14:25:06,289 [Worker-0: Launching mavenrun-7d58bfd7-4d4f-4d19-a04e-190fd8e868ba] INFO  o.eclipse.m2e.core.internal.Bundles - 	Entry: C:\Users\cosas\.p2\pool\plugins\org.eclipse.m2e.maven.runtime_3.9.900.20240824-1409\jars\maven-repository-metadata-3.9.9.jar
2025-11-03 14:25:06,290 [Worker-0: Launching mavenrun-7d58bfd7-4d4f-4d19-a04e-190fd8e868ba] INFO  o.eclipse.m2e.core.internal.Bundles - 	Entry: C:\Users\cosas\.p2\pool\plugins\org.eclipse.m2e.maven.runtime_3.9.900.20240824-1409\jars\maven-resolver-api-1.9.22.jar
2025-11-03 14:25:06,290 [Worker-0: Launching mavenrun-7d58bfd7-4d4f-4d19-a04e-190fd8e868ba] INFO  o.eclipse.m2e.core.internal.Bundles - 	Entry: C:\Users\cosas\.p2\pool\plugins\org.eclipse.m2e.maven.runtime_3.9.900.20240824-1409\jars\maven-resolver-connector-basic-1.9.22.jar
2025-11-03 14:25:06,290 [Worker-0: Launching mavenrun-7d58bfd7-4d4f-4d19-a04e-190fd8e868ba] INFO  o.eclipse.m2e.core.internal.Bundles - 	Entry: C:\Users\cosas\.p2\pool\plugins\org.eclipse.m2e.maven.runtime_3.9.900.20240824-1409\jars\maven-resolver-impl-1.9.22.jar
2025-11-03 14:25:06,290 [Worker-0: Launching mavenrun-7d58bfd7-4d4f-4d19-a04e-190fd8e868ba] INFO  o.eclipse.m2e.core.internal.Bundles - 	Entry: C:\Users\cosas\.p2\pool\plugins\org.eclipse.m2e.maven.runtime_3.9.900.20240824-1409\jars\maven-resolver-named-locks-1.9.22.jar
2025-11-03 14:25:06,290 [Worker-0: Launching mavenrun-7d58bfd7-4d4f-4d19-a04e-190fd8e868ba] INFO  o.eclipse.m2e.core.internal.Bundles - 	Entry: C:\Users\cosas\.p2\pool\plugins\org.eclipse.m2e.maven.runtime_3.9.900.20240824-1409\jars\maven-resolver-provider-3.9.9.jar
2025-11-03 14:25:06,290 [Worker-0: Launching mavenrun-7d58bfd7-4d4f-4d19-a04e-190fd8e868ba] INFO  o.eclipse.m2e.core.internal.Bundles - 	Entry: C:\Users\cosas\.p2\pool\plugins\org.eclipse.m2e.maven.runtime_3.9.900.20240824-1409\jars\maven-resolver-spi-1.9.22.jar
2025-11-03 14:25:06,291 [Worker-0: Launching mavenrun-7d58bfd7-4d4f-4d19-a04e-190fd8e868ba] INFO  o.eclipse.m2e.core.internal.Bundles - 	Entry: C:\Users\cosas\.p2\pool\plugins\org.eclipse.m2e.maven.runtime_3.9.900.20240824-1409\jars\maven-resolver-transport-file-1.9.22.jar
2025-11-03 14:25:06,291 [Worker-0: Launching mavenrun-7d58bfd7-4d4f-4d19-a04e-190fd8e868ba] INFO  o.eclipse.m2e.core.internal.Bundles - 	Entry: C:\Users\cosas\.p2\pool\plugins\org.eclipse.m2e.maven.runtime_3.9.900.20240824-1409\jars\maven-resolver-transport-http-1.9.22.jar
2025-11-03 14:25:06,291 [Worker-0: Launching mavenrun-7d58bfd7-4d4f-4d19-a04e-190fd8e868ba] INFO  o.eclipse.m2e.core.internal.Bundles - 	Entry: C:\Users\cosas\.p2\pool\plugins\org.eclipse.m2e.maven.runtime_3.9.900.20240824-1409\jars\maven-resolver-transport-wagon-1.9.22.jar
2025-11-03 14:25:06,291 [Worker-0: Launching mavenrun-7d58bfd7-4d4f-4d19-a04e-190fd8e868ba] INFO  o.eclipse.m2e.core.internal.Bundles - 	Entry: C:\Users\cosas\.p2\pool\plugins\org.eclipse.m2e.maven.runtime_3.9.900.20240824-1409\jars\maven-resolver-util-1.9.22.jar
2025-11-03 14:25:06,291 [Worker-0: Launching mavenrun-7d58bfd7-4d4f-4d19-a04e-190fd8e868ba] INFO  o.eclipse.m2e.core.internal.Bundles - 	Entry: C:\Users\cosas\.p2\pool\plugins\org.eclipse.m2e.maven.runtime_3.9.900.20240824-1409\jars\maven-settings-3.9.9.jar
2025-11-03 14:25:06,291 [Worker-0: Launching mavenrun-7d58bfd7-4d4f-4d19-a04e-190fd8e868ba] INFO  o.eclipse.m2e.core.internal.Bundles - 	Entry: C:\Users\cosas\.p2\pool\plugins\org.eclipse.m2e.maven.runtime_3.9.900.20240824-1409\jars\maven-settings-builder-3.9.9.jar
2025-11-03 14:25:06,292 [Worker-0: Launching mavenrun-7d58bfd7-4d4f-4d19-a04e-190fd8e868ba] INFO  o.eclipse.m2e.core.internal.Bundles - 	Entry: C:\Users\cosas\.p2\pool\plugins\org.eclipse.m2e.maven.runtime_3.9.900.20240824-1409\jars\maven-shared-utils-3.4.2.jar
2025-11-03 14:25:06,292 [Worker-0: Launching mavenrun-7d58bfd7-4d4f-4d19-a04e-190fd8e868ba] INFO  o.eclipse.m2e.core.internal.Bundles - 	Entry: C:\Users\cosas\.p2\pool\plugins\org.eclipse.m2e.maven.runtime_3.9.900.20240824-1409\jars\org.eclipse.sisu.inject-0.9.0.M3.jar
2025-11-03 14:25:06,292 [Worker-0: Launching mavenrun-7d58bfd7-4d4f-4d19-a04e-190fd8e868ba] INFO  o.eclipse.m2e.core.internal.Bundles - 	Entry: C:\Users\cosas\.p2\pool\plugins\org.eclipse.m2e.maven.runtime_3.9.900.20240824-1409\jars\org.eclipse.sisu.plexus-0.9.0.M3.jar
2025-11-03 14:25:06,292 [Worker-0: Launching mavenrun-7d58bfd7-4d4f-4d19-a04e-190fd8e868ba] INFO  o.eclipse.m2e.core.internal.Bundles - 	Entry: C:\Users\cosas\.p2\pool\plugins\org.eclipse.m2e.maven.runtime_3.9.900.20240824-1409\jars\plexus-build-api-0.0.7.jar
2025-11-03 14:25:06,292 [Worker-0: Launching mavenrun-7d58bfd7-4d4f-4d19-a04e-190fd8e868ba] INFO  o.eclipse.m2e.core.internal.Bundles - 	Entry: C:\Users\cosas\.p2\pool\plugins\org.eclipse.m2e.maven.runtime_3.9.900.20240824-1409\jars\plexus-build-api-1.2.0.jar
2025-11-03 14:25:06,292 [Worker-0: Launching mavenrun-7d58bfd7-4d4f-4d19-a04e-190fd8e868ba] INFO  o.eclipse.m2e.core.internal.Bundles - 	Entry: C:\Users\cosas\.p2\pool\plugins\org.eclipse.m2e.maven.runtime_3.9.900.20240824-1409\jars\plexus-cipher-2.0.jar
2025-11-03 14:25:06,293 [Worker-0: Launching mavenrun-7d58bfd7-4d4f-4d19-a04e-190fd8e868ba] INFO  o.eclipse.m2e.core.internal.Bundles - 	Entry: C:\Users\cosas\.p2\pool\plugins\org.eclipse.m2e.maven.runtime_3.9.900.20240824-1409\jars\plexus-classworlds-2.8.0.jar
2025-11-03 14:25:06,293 [Worker-0: Launching mavenrun-7d58bfd7-4d4f-4d19-a04e-190fd8e868ba] INFO  o.eclipse.m2e.core.internal.Bundles - 	Entry: C:\Users\cosas\.p2\pool\plugins\org.eclipse.m2e.maven.runtime_3.9.900.20240824-1409\jars\plexus-component-annotations-2.1.0.jar
2025-11-03 14:25:06,293 [Worker-0: Launching mavenrun-7d58bfd7-4d4f-4d19-a04e-190fd8e868ba] INFO  o.eclipse.m2e.core.internal.Bundles - 	Entry: C:\Users\cosas\.p2\pool\plugins\org.eclipse.m2e.maven.runtime_3.9.900.20240824-1409\jars\plexus-interpolation-1.27.jar
2025-11-03 14:25:06,293 [Worker-0: Launching mavenrun-7d58bfd7-4d4f-4d19-a04e-190fd8e868ba] INFO  o.eclipse.m2e.core.internal.Bundles - 	Entry: C:\Users\cosas\.p2\pool\plugins\org.eclipse.m2e.maven.runtime_3.9.900.20240824-1409\jars\plexus-sec-dispatcher-2.0.jar
2025-11-03 14:25:06,293 [Worker-0: Launching mavenrun-7d58bfd7-4d4f-4d19-a04e-190fd8e868ba] INFO  o.eclipse.m2e.core.internal.Bundles - 	Entry: C:\Users\cosas\.p2\pool\plugins\org.eclipse.m2e.maven.runtime_3.9.900.20240824-1409\jars\plexus-utils-3.5.1.jar
2025-11-03 14:25:06,293 [Worker-0: Launching mavenrun-7d58bfd7-4d4f-4d19-a04e-190fd8e868ba] INFO  o.eclipse.m2e.core.internal.Bundles - 	Entry: C:\Users\cosas\.p2\pool\plugins\org.eclipse.m2e.maven.runtime_3.9.900.20240824-1409\jars\plexus-xml-3.0.1.jar
2025-11-03 14:25:06,294 [Worker-0: Launching mavenrun-7d58bfd7-4d4f-4d19-a04e-190fd8e868ba] INFO  o.eclipse.m2e.core.internal.Bundles - 	Entry: C:\Users\cosas\.p2\pool\plugins\org.eclipse.m2e.maven.runtime_3.9.900.20240824-1409\jars\wagon-file-3.5.3.jar
2025-11-03 14:25:06,294 [Worker-0: Launching mavenrun-7d58bfd7-4d4f-4d19-a04e-190fd8e868ba] INFO  o.eclipse.m2e.core.internal.Bundles - 	Entry: C:\Users\cosas\.p2\pool\plugins\org.eclipse.m2e.maven.runtime_3.9.900.20240824-1409\jars\wagon-http-3.5.3.jar
2025-11-03 14:25:06,294 [Worker-0: Launching mavenrun-7d58bfd7-4d4f-4d19-a04e-190fd8e868ba] INFO  o.eclipse.m2e.core.internal.Bundles - 	Entry: C:\Users\cosas\.p2\pool\plugins\org.eclipse.m2e.maven.runtime_3.9.900.20240824-1409\jars\wagon-http-shared-3.5.3.jar
2025-11-03 14:25:06,294 [Worker-0: Launching mavenrun-7d58bfd7-4d4f-4d19-a04e-190fd8e868ba] INFO  o.eclipse.m2e.core.internal.Bundles - 	Entry: C:\Users\cosas\.p2\pool\plugins\org.eclipse.m2e.maven.runtime_3.9.900.20240824-1409\jars\wagon-provider-api-3.5.3.jar
2025-11-03 14:25:06,295 [Worker-0: Launching mavenrun-7d58bfd7-4d4f-4d19-a04e-190fd8e868ba] INFO  o.eclipse.m2e.core.internal.Bundles - getClasspathEntries(Bundle=com.google.guava_33.3.1.jre [10])
2025-11-03 14:25:06,296 [Worker-0: Launching mavenrun-7d58bfd7-4d4f-4d19-a04e-190fd8e868ba] INFO  o.eclipse.m2e.core.internal.Bundles - 	Entry: C:\Users\cosas\.p2\pool\plugins\com.google.guava_33.3.1.jre.jar
2025-11-03 14:25:06,296 [Worker-0: Launching mavenrun-7d58bfd7-4d4f-4d19-a04e-190fd8e868ba] INFO  o.eclipse.m2e.core.internal.Bundles - getClasspathEntries(Bundle=slf4j.api_2.0.16 [524])
2025-11-03 14:25:06,296 [Worker-0: Launching mavenrun-7d58bfd7-4d4f-4d19-a04e-190fd8e868ba] INFO  o.eclipse.m2e.core.internal.Bundles - 	Entry: C:\Users\cosas\.p2\pool\plugins\slf4j.api_2.0.16.jar
2025-11-03 14:25:06,296 [Worker-0: Launching mavenrun-7d58bfd7-4d4f-4d19-a04e-190fd8e868ba] INFO  o.eclipse.m2e.core.internal.Bundles - getClasspathEntries(Bundle=jakarta.inject.jakarta.inject-api_1.0.5 [22])
2025-11-03 14:25:06,296 [Worker-0: Launching mavenrun-7d58bfd7-4d4f-4d19-a04e-190fd8e868ba] INFO  o.eclipse.m2e.core.internal.Bundles - 	Entry: C:\Users\cosas\.p2\pool\plugins\jakarta.inject.jakarta.inject-api_1.0.5.jar
2025-11-03 14:25:06,296 [Worker-0: Launching mavenrun-7d58bfd7-4d4f-4d19-a04e-190fd8e868ba] INFO  o.eclipse.m2e.core.internal.Bundles - getClasspathEntries(Bundle=jakarta.annotation-api_1.3.5 [20])
2025-11-03 14:25:06,297 [Worker-0: Launching mavenrun-7d58bfd7-4d4f-4d19-a04e-190fd8e868ba] INFO  o.eclipse.m2e.core.internal.Bundles - 	Entry: C:\Users\cosas\.p2\pool\plugins\jakarta.annotation-api_1.3.5.jar
2025-11-03 14:25:06,297 [Worker-0: Launching mavenrun-7d58bfd7-4d4f-4d19-a04e-190fd8e868ba] INFO  o.eclipse.m2e.core.internal.Bundles - getClasspathEntries(Bundle=org.apache.commons.cli_1.9.0 [47])
2025-11-03 14:25:06,297 [Worker-0: Launching mavenrun-7d58bfd7-4d4f-4d19-a04e-190fd8e868ba] INFO  o.eclipse.m2e.core.internal.Bundles - 	Entry: C:\Users\cosas\.p2\pool\plugins\org.apache.commons.cli_1.9.0.jar
2025-11-03 14:25:06,297 [Worker-0: Launching mavenrun-7d58bfd7-4d4f-4d19-a04e-190fd8e868ba] INFO  o.eclipse.m2e.core.internal.Bundles - getClasspathEntries(Bundle=org.apache.commons.commons-codec_1.16.0 [50])
2025-11-03 14:25:06,297 [Worker-0: Launching mavenrun-7d58bfd7-4d4f-4d19-a04e-190fd8e868ba] INFO  o.eclipse.m2e.core.internal.Bundles - 	Entry: C:\Users\cosas\.p2\pool\plugins\org.apache.commons.commons-codec_1.16.0.jar
2025-11-03 14:25:06,297 [Worker-0: Launching mavenrun-7d58bfd7-4d4f-4d19-a04e-190fd8e868ba] INFO  o.eclipse.m2e.core.internal.Bundles - getClasspathEntries(Bundle=com.google.guava.failureaccess_1.0.2 [11])
2025-11-03 14:25:06,298 [Worker-0: Launching mavenrun-7d58bfd7-4d4f-4d19-a04e-190fd8e868ba] INFO  o.eclipse.m2e.core.internal.Bundles - 	Entry: C:\Users\cosas\.p2\pool\plugins\com.google.guava.failureaccess_1.0.2.jar
2025-11-03 14:25:06,303 [Worker-0: Launching mavenrun-7d58bfd7-4d4f-4d19-a04e-190fd8e868ba] INFO  o.e.m.i.launch.MavenLaunchDelegate - Run build in "C:\Users\cosas\AppData\Local\Temp\m2e-archetypeGenerator14976772072820585190":
2025-11-03 14:25:06,307 [Worker-0: Launching mavenrun-7d58bfd7-4d4f-4d19-a04e-190fd8e868ba] INFO  o.e.m.i.launch.MavenLaunchDelegate -  mvn  -DarchetypeGroupId=org.apache.maven.archetypes -DarchetypeArtifactId=maven-archetype-simple -DarchetypeVersion=1.5 -DgroupId=org.cuatrovientos.dam.psp -DartifactId=tamagotchis -Dversion=0.0.1-SNAPSHOT -Dpackage=org.cuatrovientos.dam.psp.tamagotchis -DoutputDirectory=C:\Users\cosas\Documents\DAM2\PSP\Tamagotchis -Dstyle.color=always -U archetype:generate
2025-11-03 14:25:23,819 [Worker-7: Creating maven-archetype-simple] INFO  o.e.m.c.i.p.ProjectConfigurationManager - Collecting project info '/pom.xml' C:\Users\cosas\Documents\DAM2\PSP\Tamagotchis\tamagotchis\pom.xml
2025-11-03 14:25:24,495 [Worker-7: Creating maven-archetype-simple] INFO  o.e.m.c.i.l.LifecycleMappingFactory - Using org.eclipse.m2e.jdt.JarLifecycleMapping lifecycle mapping for MavenProject: org.cuatrovientos.dam.psp:tamagotchis:0.0.1-SNAPSHOT @ C:\Users\cosas\Documents\DAM2\PSP\Tamagotchis\tamagotchis\pom.xml.
2025-11-03 14:25:25,166 [Worker-7: Creating maven-archetype-simple] INFO  o.e.m.j.i.AbstractJavaProjectConfigurator - Adding source folder /tamagotchis/src/main/java
2025-11-03 14:25:25,167 [Worker-7: Creating maven-archetype-simple] INFO  o.e.m.j.i.AbstractJavaProjectConfigurator - Adding resource folder /tamagotchis/src/main/resources
2025-11-03 14:25:25,171 [Worker-7: Creating maven-archetype-simple] INFO  o.e.m.j.i.AbstractJavaProjectConfigurator - Adding source folder /tamagotchis/src/test/java
2025-11-03 14:25:25,173 [Worker-7: Creating maven-archetype-simple] INFO  o.e.m.j.i.AbstractJavaProjectConfigurator - Adding resource folder /tamagotchis/src/test/resources
2025-11-03 14:25:25,264 [Worker-7: Creating maven-archetype-simple] INFO  o.e.m.c.i.p.ProjectConfigurationManager - Imported and configured 1 project(s) in 1 sec
2025-11-03 14:25:26,756 [Worker-0: Building] INFO  o.a.m.s.f.DefaultMavenResourcesFiltering - skip non existing resourceDirectory C:\Users\cosas\Documents\DAM2\PSP\Tamagotchis\tamagotchis\src\main\resources
2025-11-03 14:25:26,764 [Worker-0: Building] INFO  o.a.m.s.f.DefaultMavenResourcesFiltering - skip non existing resourceDirectory C:\Users\cosas\Documents\DAM2\PSP\Tamagotchis\tamagotchis\src\test\resources
2025-11-03 23:55:03,257 [Worker-7: Loading available Gradle versions] INFO  o.e.b.c.i.u.g.PublishedGradleVersions - Gradle version information cache is up-to-date. Trying to read.
2025-11-04 11:46:07,840 [Worker-7: Loading available Gradle versions] INFO  o.e.b.c.i.u.g.PublishedGradleVersions - Gradle version information cache is up-to-date. Trying to read.
2025-11-04 11:46:34,371 [Worker-2: Building] INFO  o.a.m.s.f.DefaultMavenResourcesFiltering - skip non existing resourceDirectory C:\Users\cosas\Documents\DAM2\PSP\Tamagotchis\tamagotchis\src\main\resources
2025-11-04 11:46:34,377 [Worker-2: Building] INFO  o.a.m.s.f.DefaultMavenResourcesFiltering - skip non existing resourceDirectory C:\Users\cosas\Documents\DAM2\PSP\Tamagotchis\tamagotchis\src\test\resources
2025-11-04 11:46:42,984 [Worker-19: Building] INFO  o.a.m.s.f.DefaultMavenResourcesFiltering - skip non existing resourceDirectory C:\Users\cosas\Documents\DAM2\PSP\Tamagotchis\tamagotchis\src\main\resources
2025-11-04 11:46:42,987 [Worker-19: Building] INFO  o.a.m.s.f.DefaultMavenResourcesFiltering - skip non existing resourceDirectory C:\Users\cosas\Documents\DAM2\PSP\Tamagotchis\tamagotchis\src\test\resources
2025-11-04 11:52:33,904 [Worker-19: Building] INFO  o.a.m.s.f.DefaultMavenResourcesFiltering - skip non existing resourceDirectory C:\Users\cosas\Documents\DAM2\PSP\Tamagotchis\tamagotchis\src\main\resources
2025-11-04 11:52:33,907 [Worker-19: Building] INFO  o.a.m.s.f.DefaultMavenResourcesFiltering - skip non existing resourceDirectory C:\Users\cosas\Documents\DAM2\PSP\Tamagotchis\tamagotchis\src\test\resources
2025-11-04 11:52:42,145 [Worker-8: Building] INFO  o.a.m.s.f.DefaultMavenResourcesFiltering - skip non existing resourceDirectory C:\Users\cosas\Documents\DAM2\PSP\Tamagotchis\tamagotchis\src\main\resources
2025-11-04 11:52:42,149 [Worker-8: Building] INFO  o.a.m.s.f.DefaultMavenResourcesFiltering - skip non existing resourceDirectory C:\Users\cosas\Documents\DAM2\PSP\Tamagotchis\tamagotchis\src\test\resources
2025-11-04 12:08:36,037 [Worker-43: Building] INFO  o.a.m.s.f.DefaultMavenResourcesFiltering - skip non existing resourceDirectory C:\Users\cosas\Documents\DAM2\PSP\Tamagotchis\tamagotchis\src\main\resources
2025-11-04 12:08:36,041 [Worker-43: Building] INFO  o.a.m.s.f.DefaultMavenResourcesFiltering - skip non existing resourceDirectory C:\Users\cosas\Documents\DAM2\PSP\Tamagotchis\tamagotchis\src\test\resources
